\BOOKMARK [0][-]{part.1}{I Loudspeakers}{}% 1
\BOOKMARK [1][-]{section.1}{System Design Building Blocks}{part.1}% 2
\BOOKMARK [2][-]{subsection.1.1}{Decibel Math}{section.1}% 3
\BOOKMARK [3][-]{subsubsection.1.1.1}{Logarithms \(and their Applications\)}{subsection.1.1}% 4
\BOOKMARK [2][-]{subsection.1.2}{Inverse Square Law}{section.1}% 5
\BOOKMARK [2][-]{subsection.1.3}{Reference Signals}{section.1}% 6
\BOOKMARK [3][-]{subsubsection.1.3.1}{Sine Waves}{subsection.1.3}% 7
\BOOKMARK [3][-]{subsubsection.1.3.2}{Fourier}{subsection.1.3}% 8
\BOOKMARK [3][-]{subsubsection.1.3.3}{Noise}{subsection.1.3}% 9
\BOOKMARK [1][-]{section.2}{Loudspeakers}{part.1}% 10
\BOOKMARK [2][-]{subsection.2.1}{An Introduction to Loudspeakers}{section.2}% 11
\BOOKMARK [2][-]{subsection.2.2}{The -6 dB Point}{section.2}% 12
\BOOKMARK [1][-]{section.3}{Vertical Coverage and Fill}{part.1}% 13
\BOOKMARK [2][-]{subsection.3.1}{Tilt}{section.3}% 14
\BOOKMARK [2][-]{subsection.3.2}{Fill Systems}{section.3}% 15
\BOOKMARK [3][-]{subsubsection.3.2.1}{Downfill}{subsection.3.2}% 16
\BOOKMARK [3][-]{subsubsection.3.2.2}{Front Fill}{subsection.3.2}% 17
\BOOKMARK [3][-]{subsubsection.3.2.3}{Delay}{subsection.3.2}% 18
\BOOKMARK [3][-]{subsubsection.3.2.4}{A Rule of Thumb for Number of Speakers}{subsection.3.2}% 19
\BOOKMARK [3][-]{subsubsection.3.2.5}{Output Delay}{subsection.3.2}% 20
\BOOKMARK [1][-]{section.4}{Horizontal Coverage}{part.1}% 21
\BOOKMARK [2][-]{subsection.4.1}{Phasing/Comb-Filtering}{section.4}% 22
\BOOKMARK [2][-]{subsection.4.2}{Focus in Plan: Pan}{section.4}% 23
\BOOKMARK [2][-]{subsection.4.3}{Fill Systems in Plan: Extending Horizontal Coverage}{section.4}% 24
\BOOKMARK [0][-]{part.2}{II Mix Engineering}{}% 25
\BOOKMARK [1][-]{section.5}{Analog Mix Engineering}{part.2}% 26
\BOOKMARK [2][-]{subsection.5.1}{Bus Architecture}{section.5}% 27
\BOOKMARK [2][-]{subsection.5.2}{Analog Consoles}{section.5}% 28
\BOOKMARK [1][-]{section.6}{Additional Considerations}{part.2}% 29
\BOOKMARK [2][-]{subsection.6.1}{Analog Patching}{section.6}% 30
\BOOKMARK [2][-]{subsection.6.2}{RF Basics}{section.6}% 31
\BOOKMARK [1][-]{section.7}{Stages of Amplification}{part.2}% 32
\BOOKMARK [2][-]{subsection.7.1}{Power Amplifiers}{section.7}% 33
\BOOKMARK [2][-]{subsection.7.2}{Gain Structure}{section.7}% 34
\BOOKMARK [1][-]{section.8}{Paperwork}{part.2}% 35
\BOOKMARK [1][-]{section.9}{Microphones}{part.2}% 36
\BOOKMARK [2][-]{subsection.9.1}{How Microphones Work}{section.9}% 37
\BOOKMARK [2][-]{subsection.9.2}{Selectio and Deployment of Microphones}{section.9}% 38
\BOOKMARK [2][-]{subsection.9.3}{Feedback}{section.9}% 39
\BOOKMARK [2][-]{subsection.9.4}{A:D and D:A Conversion}{section.9}% 40
\BOOKMARK [1][-]{section.10}{Digital Mix Engineering}{part.2}% 41
\BOOKMARK [2][-]{subsection.10.1}{DCA Assignments}{section.10}% 42
\BOOKMARK [2][-]{subsection.10.2}{Digital Consoles}{section.10}% 43
\BOOKMARK [1][-]{section.11}{Delaying Larger Systems}{part.2}% 44
\BOOKMARK [2][-]{subsection.11.1}{Input Delays}{section.11}% 45
\BOOKMARK [2][-]{subsection.11.2}{Delay Matrixing}{section.11}% 46
\BOOKMARK [2][-]{subsection.11.3}{Staging Zones}{section.11}% 47
