\BOOKMARK [1][-]{section.0}{Introduction}{}% 1
\BOOKMARK [1][-]{section.1}{Projectiles and Charged Particles}{}% 2
\BOOKMARK [2][-]{subsection.1.1}{The Fundamental Goal of Mechanics}{section.1}% 3
\BOOKMARK [2][-]{subsection.1.2}{Resistance to Motion Through a Fluid \(``drag''\)}{section.1}% 4
\BOOKMARK [3][-]{subsubsection.1.2.1}{Motion with Linear Drag}{subsection.1.2}% 5
\BOOKMARK [3][-]{subsubsection.1.2.2}{Motion with Qudratic Drag}{subsection.1.2}% 6
\BOOKMARK [2][-]{subsection.1.3}{Motion of a Charged Particle in a Uniform Magnetic Field}{section.1}% 7
\BOOKMARK [3][-]{subsubsection.1.3.1}{Solving with Differential Equations}{subsection.1.3}% 8
\BOOKMARK [3][-]{subsubsection.1.3.2}{Solving using Complex Variables}{subsection.1.3}% 9
\BOOKMARK [1][-]{section.2}{Momentum and Angular Momentum}{}% 10
\BOOKMARK [2][-]{subsection.2.1}{Momentum for a System of Particles}{section.2}% 11
\BOOKMARK [3][-]{subsubsection.2.1.1}{Conservation of Momentum}{subsection.2.1}% 12
\BOOKMARK [3][-]{subsubsection.2.1.2}{Center of Mass}{subsection.2.1}% 13
\BOOKMARK [3][-]{subsubsection.2.1.3}{Momentum for a System of Particles}{subsection.2.1}% 14
\BOOKMARK [3][-]{subsubsection.2.1.4}{The Rocket Problem}{subsection.2.1}% 15
\BOOKMARK [2][-]{subsection.2.2}{Angular Momentum for a System of Particles}{section.2}% 16
\BOOKMARK [3][-]{subsubsection.2.2.1}{Angular Momentum for a Single Particle}{subsection.2.2}% 17
\BOOKMARK [3][-]{subsubsection.2.2.2}{Angular Momentum for a System of Particles}{subsection.2.2}% 18
\BOOKMARK [1][-]{section.3}{Energy}{}% 19
\BOOKMARK [2][-]{subsection.3.1}{Kinetic Energy and Work}{section.3}% 20
\BOOKMARK [2][-]{subsection.3.2}{Potential Energy}{section.3}% 21
\BOOKMARK [3][-]{subsubsection.3.2.1}{Time-Independent Potential Energy}{subsection.3.2}% 22
\BOOKMARK [3][-]{subsubsection.3.2.2}{Time-Dependent Potential Energy}{subsection.3.2}% 23
\BOOKMARK [2][-]{subsection.3.3}{Central Forces}{section.3}% 24
\BOOKMARK [2][-]{subsection.3.4}{Energy in Multi-Particle Systems}{section.3}% 25
\BOOKMARK [3][-]{subsubsection.3.4.1}{Energy in Two-Particle Systems}{subsection.3.4}% 26
\BOOKMARK [3][-]{subsubsection.3.4.2}{Energy in N-Particle Systems}{subsection.3.4}% 27
\BOOKMARK [1][-]{section.4}{Oscillations}{}% 28
\BOOKMARK [2][-]{subsection.4.1}{Simple Harmonic Motion \(SHM\)}{section.4}% 29
\BOOKMARK [3][-]{subsubsection.4.1.1}{Simple Harmonic Oscillation and Oscillators}{subsection.4.1}% 30
\BOOKMARK [3][-]{subsubsection.4.1.2}{Energy in Simple Harmonic Motion}{subsection.4.1}% 31
\BOOKMARK [2][-]{subsection.4.2}{Damped Harmonic Motion \(DHM\)}{section.4}% 32
\BOOKMARK [3][-]{subsubsection.4.2.1}{Damped Harmonic Oscillation and Oscillators}{subsection.4.2}% 33
\BOOKMARK [3][-]{subsubsection.4.2.2}{Energy in Damped Harmonic Motion}{subsection.4.2}% 34
\BOOKMARK [2][-]{subsection.4.3}{Driven Damped Harmonic Motion - Sinusoidal Driving Force}{section.4}% 35
\BOOKMARK [3][-]{subsubsection.4.3.1}{Damped Harmonic Motion with a Sinusoidal Driving Force}{subsection.4.3}% 36
\BOOKMARK [3][-]{subsubsection.4.3.2}{The Phase Shift}{subsection.4.3}% 37
\BOOKMARK [3][-]{subsubsection.4.3.3}{Energy in the Steady-State Driven Damped Harmonic Oscillator}{subsection.4.3}% 38
\BOOKMARK [2][-]{subsection.4.4}{Driven Damped Harmonic Motion - Non-Sinusoidal Periodic Driving Force}{section.4}% 39
\BOOKMARK [2][-]{subsection.4.5}{Driven Damped Harmonic Motion - Impulse Forces}{section.4}% 40
\BOOKMARK [1][-]{section.5}{Lagrange's Equations}{}% 41
\BOOKMARK [2][-]{subsection.5.1}{Derivation of Lagrange's Equations}{section.5}% 42
\BOOKMARK [3][-]{subsubsection.5.1.1}{Generalized Coordinates}{subsection.5.1}% 43
\BOOKMARK [3][-]{subsubsection.5.1.2}{Generalized Kinetic Energy}{subsection.5.1}% 44
\BOOKMARK [3][-]{subsubsection.5.1.3}{Generalized Momentum}{subsection.5.1}% 45
\BOOKMARK [3][-]{subsubsection.5.1.4}{Generalized Forces}{subsection.5.1}% 46
\BOOKMARK [3][-]{subsubsection.5.1.5}{Lagrange's Equations}{subsection.5.1}% 47
\BOOKMARK [2][-]{subsection.5.2}{Applications of Lagrange's Equations}{section.5}% 48
\BOOKMARK [3][-]{subsubsection.5.2.1}{Elementary Examples}{subsection.5.2}% 49
\BOOKMARK [3][-]{subsubsection.5.2.2}{Ignorable Coordinates}{subsection.5.2}% 50
\BOOKMARK [3][-]{subsubsection.5.2.3}{Electromagnetic Forces and Velocity-Dependent Potentials}{subsection.5.2}% 51
\BOOKMARK [1][-]{section.6}{Two-Body, Central-Force Motion}{}% 52
\BOOKMARK [1][-]{section.7}{Mechanics in Non-Intertial Frames}{}% 53
\BOOKMARK [2][-]{subsection.7.1}{Basic Equations for Non-Inertial Reference Frames}{section.7}% 54
\BOOKMARK [3][-]{subsubsection.7.1.1}{Definitions and Standards}{subsection.7.1}% 55
\BOOKMARK [3][-]{subsubsection.7.1.2}{Translational Motion Between Reference Frames}{subsection.7.1}% 56
\BOOKMARK [3][-]{subsubsection.7.1.3}{Rotational Motion Between Reference Frames}{subsection.7.1}% 57
\BOOKMARK [3][-]{subsubsection.7.1.4}{General Motion Between Reference Frames}{subsection.7.1}% 58
\BOOKMARK [2][-]{subsection.7.2}{Motion in a Non-Intertial Reference Frame: The Earth}{section.7}% 59
\BOOKMARK [3][-]{subsubsection.7.2.1}{Considerations for Earth as a Non-Inertial Reference Frame}{subsection.7.2}% 60
\BOOKMARK [3][-]{subsubsection.7.2.2}{The Plumb Line \(and the Centrifugal Force\)}{subsection.7.2}% 61
\BOOKMARK [3][-]{subsubsection.7.2.3}{General Motion at the Earth's Surface \(and the Coriolis Force\)}{subsection.7.2}% 62
\BOOKMARK [3][-]{subsubsection.7.2.4}{The Foucault Pendulum}{subsection.7.2}% 63
\BOOKMARK [1][-]{section.8}{Rotational Motion of Rigid Bodies}{}% 64
\BOOKMARK [2][-]{subsection.8.1}{Angular Momentum and Energy of a Rotating Body}{section.8}% 65
\BOOKMARK [3][-]{subsubsection.8.1.1}{General Notes on Rigid Bodies}{subsection.8.1}% 66
\BOOKMARK [3][-]{subsubsection.8.1.2}{Rotation About a Fixed Axis}{subsection.8.1}% 67
\BOOKMARK [3][-]{subsubsection.8.1.3}{Rotation About an Arbitrary Axis}{subsection.8.1}% 68
\BOOKMARK [3][-]{subsubsection.8.1.4}{Principal Axes}{subsection.8.1}% 69
\BOOKMARK [3][-]{subsubsection.8.1.5}{Terminology Notes}{subsection.8.1}% 70
\BOOKMARK [2][-]{subsection.8.2}{Analysis of Rotational Rigid Body Motion}{section.8}% 71
\BOOKMARK [3][-]{subsubsection.8.2.1}{Euler's Equations}{subsection.8.2}% 72
\BOOKMARK [3][-]{subsubsection.8.2.2}{Free Rotation}{subsection.8.2}% 73
\BOOKMARK [3][-]{subsubsection.8.2.3}{Euler Angles}{subsection.8.2}% 74
\BOOKMARK [3][-]{subsubsection.8.2.4}{Example: Spinning Symmetric Top}{subsection.8.2}% 75
\BOOKMARK [3][-]{subsubsection.8.2.5}{Example: Gyroscope}{subsection.8.2}% 76
