\BOOKMARK [1][-]{section.0}{Introduction}{}% 1
\BOOKMARK [1][-]{section.1}{Thermodynamics}{}% 2
\BOOKMARK [2][-]{subsection.1.1}{Energy in Thermal Physics}{section.1}% 3
\BOOKMARK [3][-]{subsubsection.1.1.1}{Temperature}{subsection.1.1}% 4
\BOOKMARK [3][-]{subsubsection.1.1.2}{The Ideal Gas}{subsection.1.1}% 5
\BOOKMARK [3][-]{subsubsection.1.1.3}{The First Law of Thermodynamics}{subsection.1.1}% 6
\BOOKMARK [3][-]{subsubsection.1.1.4}{Compression and Expansion Work}{subsection.1.1}% 7
\BOOKMARK [3][-]{subsubsection.1.1.5}{Heat Capacities}{subsection.1.1}% 8
\BOOKMARK [3][-]{subsubsection.1.1.6}{Phase Transitions and Latent Heat}{subsection.1.1}% 9
\BOOKMARK [3][-]{subsubsection.1.1.7}{Enthalpy}{subsection.1.1}% 10
\BOOKMARK [2][-]{subsection.1.2}{The Second Law, Engines, and Refrigerators}{section.1}% 11
\BOOKMARK [3][-]{subsubsection.1.2.1}{The Carnot Engine}{subsection.1.2}% 12
\BOOKMARK [3][-]{subsubsection.1.2.2}{Two-State and Multi-State Systems}{subsection.1.2}% 13
\BOOKMARK [3][-]{subsubsection.1.2.3}{The Second Law of Thermodynamics}{subsection.1.2}% 14
\BOOKMARK [3][-]{subsubsection.1.2.4}{Large Systems}{subsection.1.2}% 15
\BOOKMARK [3][-]{subsubsection.1.2.5}{The Ideal Gas}{subsection.1.2}% 16
\BOOKMARK [3][-]{subsubsection.1.2.6}{Entropy}{subsection.1.2}% 17
\BOOKMARK [2][-]{subsection.1.3}{Interactions and Implications}{section.1}% 18
\BOOKMARK [3][-]{subsubsection.1.3.1}{Temperature}{subsection.1.3}% 19
\BOOKMARK [3][-]{subsubsection.1.3.2}{Entropy and Heat}{subsection.1.3}% 20
\BOOKMARK [3][-]{subsubsection.1.3.3}{Mechanical Equilibrium and Pressure}{subsection.1.3}% 21
\BOOKMARK [3][-]{subsubsection.1.3.4}{Diffusive Equilibrium and Chemical Potential}{subsection.1.3}% 22
\BOOKMARK [2][-]{subsection.1.4}{Free Energy and Chemical Thermodynamics}{section.1}% 23
\BOOKMARK [3][-]{subsubsection.1.4.1}{Free Energy as Available Work}{subsection.1.4}% 24
\BOOKMARK [3][-]{subsubsection.1.4.2}{Free Energy as a Force Toward Equilibrium}{subsection.1.4}% 25
\BOOKMARK [3][-]{subsubsection.1.4.3}{Phase Transofrmations of Pure Substances}{subsection.1.4}% 26
\BOOKMARK [1][-]{section.2}{Statistics}{}% 27
\BOOKMARK [1][-]{section.3}{Statistical Mechanics}{}% 28
\BOOKMARK [2][-]{subsection.3.1}{Boltzmann Statistics}{section.3}% 29
\BOOKMARK [3][-]{subsubsection.3.1.1}{The Boltzmann Factor}{subsection.3.1}% 30
\BOOKMARK [3][-]{subsubsection.3.1.2}{Average Values}{subsection.3.1}% 31
\BOOKMARK [3][-]{subsubsection.3.1.3}{Partition Functions and Free Energy}{subsection.3.1}% 32
\BOOKMARK [3][-]{subsubsection.3.1.4}{Partition Functions for Composite Systems}{subsection.3.1}% 33
\BOOKMARK [3][-]{subsubsection.3.1.5}{Ideal Gas Revisited}{subsection.3.1}% 34
\BOOKMARK [3][-]{subsubsection.3.1.6}{Monte Carlo, Metropolis-Hastings}{subsection.3.1}% 35
\BOOKMARK [2][-]{subsection.3.2}{Quantum Statistics}{section.3}% 36
\BOOKMARK [3][-]{subsubsection.3.2.1}{The Gibbs Factor}{subsection.3.2}% 37
\BOOKMARK [3][-]{subsubsection.3.2.2}{Bosons and Fermions}{subsection.3.2}% 38
\BOOKMARK [3][-]{subsubsection.3.2.3}{Degenerate Fermi Gases}{subsection.3.2}% 39
\BOOKMARK [3][-]{subsubsection.3.2.4}{Blackbody Radiation}{subsection.3.2}% 40
\BOOKMARK [3][-]{subsubsection.3.2.5}{Debye Theory of Solids}{subsection.3.2}% 41
