\BOOKMARK [1][-]{section.0}{Introduction}{}% 1
\BOOKMARK [1][-]{section.1}{Relativity}{}% 2
\BOOKMARK [2][-]{subsection.1.1}{Newtonian/Galilean Relativity}{section.1}% 3
\BOOKMARK [3][-]{subsubsection.1.1.0}{Introduction and Definitions}{subsection.1.1}% 4
\BOOKMARK [3][-]{subsubsection.1.1.1}{Transformations Between Inertial Frames}{subsection.1.1}% 5
\BOOKMARK [2][-]{subsection.1.2}{The Propagation of Light}{section.1}% 6
\BOOKMARK [3][-]{subsubsection.1.2.1}{The Luminiferous \306ther}{subsection.1.2}% 7
\BOOKMARK [3][-]{subsubsection.1.2.2}{The Michelson-Morley Experiment}{subsection.1.2}% 8
\BOOKMARK [2][-]{subsection.1.3}{Relativity and the Measurement of Lengths and Time Intervals}{section.1}% 9
\BOOKMARK [3][-]{subsubsection.1.3.0}{A Thought Experiment: The Relativity of Simultaneity}{subsection.1.3}% 10
\BOOKMARK [3][-]{subsubsection.1.3.1}{Time Dilation}{subsection.1.3}% 11
\BOOKMARK [3][-]{subsubsection.1.3.2}{Definitions of Recurring Expressions}{subsection.1.3}% 12
\BOOKMARK [3][-]{subsubsection.1.3.3}{Length Expansion and Contraction}{subsection.1.3}% 13
\BOOKMARK [2][-]{subsection.1.4}{The Lorentz Transformations and Relattivistic Kinematics}{section.1}% 14
\BOOKMARK [3][-]{subsubsection.1.4.1}{Lorentz Transformations}{subsection.1.4}% 15
\BOOKMARK [3][-]{subsubsection.1.4.2}{Velocity Transformations}{subsection.1.4}% 16
\BOOKMARK [3][-]{subsubsection.1.4.3}{The Doppler Effect}{subsection.1.4}% 17
\BOOKMARK [3][-]{subsubsection.1.4.4}{Minkowski Diagrams}{subsection.1.4}% 18
\BOOKMARK [2][-]{subsection.1.5}{Relativistic Dynamics}{section.1}% 19
\BOOKMARK [3][-]{subsubsection.1.5.1}{Energy, Momentum, and Mass}{subsection.1.5}% 20
\BOOKMARK [3][-]{subsubsection.1.5.2}{Elastic Collisions}{subsection.1.5}% 21
\BOOKMARK [3][-]{subsubsection.1.5.3}{Inelastic Collisions}{subsection.1.5}% 22
\BOOKMARK [1][-]{section.2}{Quantum Mechanics in Three Dimensions}{}% 23
\BOOKMARK [2][-]{subsection.2.1}{Spherical Schr\366dinger Equation}{section.2}% 24
\BOOKMARK [3][-]{subsubsection.2.1.1}{The General Three-Dimensional Schr\366dinger Equation}{subsection.2.1}% 25
\BOOKMARK [3][-]{subsubsection.2.1.2}{The Three-Dimensional Schr\366dinger Equation in Spherical Coordinates}{subsection.2.1}% 26
\BOOKMARK [3][-]{subsubsection.2.1.3}{The Free Particle}{subsection.2.1}% 27
\BOOKMARK [3][-]{subsubsection.2.1.4}{The Infinite Spherical Well}{subsection.2.1}% 28
\BOOKMARK [3][-]{subsubsection.2.1.5}{The Spherical Harmonic Oscillator}{subsection.2.1}% 29
\BOOKMARK [2][-]{subsection.2.2}{The Hydrogen Atom}{section.2}% 30
\BOOKMARK [3][-]{subsubsection.2.2.1}{The Solution}{subsection.2.2}% 31
\BOOKMARK [3][-]{subsubsection.2.2.2}{The Radial Wave Function}{subsection.2.2}% 32
\BOOKMARK [3][-]{subsubsection.2.2.3}{The Ground State of the Hydrogen Atom}{subsection.2.2}% 33
\BOOKMARK [3][-]{subsubsection.2.2.4}{Laguerre Equations}{subsection.2.2}% 34
\BOOKMARK [3][-]{subsubsection.2.2.5}{The Energy Spectrum of Hydrogen}{subsection.2.2}% 35
\BOOKMARK [2][-]{subsection.2.3}{Angular Momentum}{section.2}% 36
\BOOKMARK [3][-]{subsubsection.2.3.1}{Angular Momentum Eigenvalues}{subsection.2.3}% 37
\BOOKMARK [3][-]{subsubsection.2.3.2}{Angular Momentum Eigenfunctions}{subsection.2.3}% 38
\BOOKMARK [2][-]{subsection.2.4}{Spin}{section.2}% 39
\BOOKMARK [3][-]{subsubsection.2.4.1}{Foundations}{subsection.2.4}% 40
\BOOKMARK [3][-]{subsubsection.2.4.2}{Spin 1/2}{subsection.2.4}% 41
\BOOKMARK [3][-]{subsubsection.2.4.3}{Electrons in a Magnetic Field}{subsection.2.4}% 42
\BOOKMARK [3][-]{subsubsection.2.4.4}{Addition of Angular Momenta}{subsection.2.4}% 43
\BOOKMARK [1][-]{section.3}{Quantum Mechanics for Identical Particles}{}% 44
\BOOKMARK [2][-]{subsection.3.1}{Two-Particle Systems}{section.3}% 45
\BOOKMARK [3][-]{subsubsection.3.1.1}{Bosons and Fermions}{subsection.3.1}% 46
\BOOKMARK [3][-]{subsubsection.3.1.2}{Exchange Forces}{subsection.3.1}% 47
\BOOKMARK [2][-]{subsection.3.2}{Atoms}{section.3}% 48
\BOOKMARK [3][-]{subsubsection.3.2.1}{Atomic Hamiltonians}{subsection.3.2}% 49
\BOOKMARK [3][-]{subsubsection.3.2.2}{The Periodic Table}{subsection.3.2}% 50
\BOOKMARK [2][-]{subsection.3.3}{Solids}{section.3}% 51
\BOOKMARK [3][-]{subsubsection.3.3.1}{Free Electron Gas}{subsection.3.3}% 52
\BOOKMARK [3][-]{subsubsection.3.3.2}{Band Structure}{subsection.3.3}% 53
\BOOKMARK [1][-]{section.4}{Applications and Approximation Methods}{}% 54
\BOOKMARK [2][-]{subsection.4.1}{Time-Independent Perturbation Theory}{section.4}% 55
\BOOKMARK [3][-]{subsubsection.4.1.1}{Nondegenerate Perturbation Theory}{subsection.4.1}% 56
\BOOKMARK [3][-]{subsubsection.4.1.2}{Degenerate Perturbation Theory}{subsection.4.1}% 57
\BOOKMARK [2][-]{subsection.4.2}{The Variational Principle}{section.4}% 58
\BOOKMARK [3][-]{subsubsection.4.2.1}{Theory}{subsection.4.2}% 59
\BOOKMARK [3][-]{subsubsection.4.2.2}{Examples}{subsection.4.2}% 60
\BOOKMARK [2][-]{subsection.4.3}{A Finer Look at Hydrogen}{section.4}% 61
\BOOKMARK [3][-]{subsubsection.4.3.1}{The Fine Structure of Hydrogen}{subsection.4.3}% 62
\BOOKMARK [3][-]{subsubsection.4.3.2}{Hyperfine Splitting}{subsection.4.3}% 63
\BOOKMARK [2][-]{subsection.4.4}{Splitting from Electric and Magnetic Fields}{section.4}% 64
\BOOKMARK [3][-]{subsubsection.4.4.1}{Electric Fields: The Stark Effect}{subsection.4.4}% 65
\BOOKMARK [3][-]{subsubsection.4.4.2}{Magnetic Fields: The Zeeman Effect}{subsection.4.4}% 66
